<?xml version="1.0" encoding="UTF-8"?>
<!-- Generated by org.testng.reporters.JUnitXMLReporter -->
<testsuite ignored="0" hostname="LTIN445772" failures="0" tests="3" name="Surefire test" time="29.063" errors="0" timestamp="2024-08-11T22:01:39 IST">
  <testcase classname="IrfanChoudhury.tests.PlcaeOrderTest" name="submitOrder" time="4.097"/>
  <testcase classname="IrfanChoudhury.tests.PlcaeOrderTest" name="submitOrder" time="4.342"/>
  <testcase classname="IrfanChoudhury.tests.PlcaeOrderTest" name="orderHistoryTest" time="1.488"/>
</testsuite> <!-- Surefire test -->
