<?xml version="1.0" encoding="UTF-8"?>
<!-- Generated by org.testng.reporters.JUnitXMLReporter -->
<testsuite ignored="0" hostname="LTIN445772" failures="1" tests="2" name="Error Valodation Test" time="54.48" errors="0" timestamp="2024-08-08T01:08:29 IST">
  <testcase classname="IrfanChoudhury.tests.ErrorValidation" name="loginErrMsg" time="1.743">
    <failure type="java.lang.AssertionError" message="expected [Incorrect jmail or password.] but found [Incorrect email or password.]">
      <![CDATA[java.lang.AssertionError: expected [Incorrect jmail or password.] but found [Incorrect email or password.]
at IrfanChoudhury.tests.ErrorValidation.loginErrMsg(ErrorValidation.java:36)
at java.base/java.util.ArrayList.forEach(ArrayList.java:1511)
at java.base/java.util.concurrent.FutureTask.run(FutureTask.java:264)
at java.base/java.util.concurrent.ThreadPoolExecutor.runWorker(ThreadPoolExecutor.java:1136)
at java.base/java.util.concurrent.ThreadPoolExecutor$Worker.run(ThreadPoolExecutor.java:635)
at java.base/java.lang.Thread.run(Thread.java:840)
... Removed 24 stack frames]]>
    </failure>
  </testcase> <!-- loginErrMsg -->
  <testcase classname="IrfanChoudhury.tests.ErrorValidation" name="productErrMsg" time="10.61"/>
</testsuite> <!-- Error Valodation Test -->
