<?xml version="1.0" encoding="UTF-8"?>
<!-- Generated by org.testng.reporters.JUnitXMLReporter -->
<testsuite ignored="0" hostname="LTIN445772" failures="0" tests="3" name="Place Order Test" time="72.812" errors="0" timestamp="2024-08-08T01:08:47 IST">
  <testcase classname="IrfanChoudhury.tests.PlcaeOrderTest" name="submitOrder" time="8.791"/>
  <testcase classname="IrfanChoudhury.tests.PlcaeOrderTest" name="submitOrder" time="6.394"/>
  <testcase classname="IrfanChoudhury.tests.PlcaeOrderTest" name="orderHistoryTest" time="1.524"/>
</testsuite> <!-- Place Order Test -->
