<?xml version="1.0" encoding="UTF-8"?>
<testng-results ignored="0" total="3" passed="3" failed="0" skipped="0">
  <reporter-output>
  </reporter-output>
  <suite started-at="2024-08-11T22:01:10 IST" name="Surefire suite" finished-at="2024-08-11T22:01:39 IST" duration-ms="29063">
    <groups>
      <group name="Purchase">
        <method signature="PlcaeOrderTest.submitOrder(java.util.HashMap)[pri:0, instance:IrfanChoudhury.tests.PlcaeOrderTest@6a370f4]" name="submitOrder" class="IrfanChoudhury.tests.PlcaeOrderTest"/>
      </group> <!-- Purchase -->
    </groups>
    <test started-at="2024-08-11T22:01:10 IST" name="Surefire test" finished-at="2024-08-11T22:01:39 IST" duration-ms="29063">
      <class name="IrfanChoudhury.tests.PlcaeOrderTest">
        <test-method is-config="true" signature="launchApplication()[pri:0, instance:IrfanChoudhury.tests.PlcaeOrderTest@6a370f4]" started-at="2024-08-11T22:01:11 IST" name="launchApplication" finished-at="2024-08-11T22:01:15 IST" duration-ms="4631" status="PASS">
          <reporter-output>
          </reporter-output>
        </test-method> <!-- launchApplication -->
        <test-method signature="submitOrder(java.util.HashMap)[pri:0, instance:IrfanChoudhury.tests.PlcaeOrderTest@6a370f4]" started-at="2024-08-11T22:01:15 IST" name="submitOrder" data-provider="getData" finished-at="2024-08-11T22:01:19 IST" duration-ms="4097" status="PASS">
          <params>
            <param index="0">
              <value>
                <![CDATA[{password=Irfan@123, product=ADIDAS ORIGINAL, email=irfan123@email.com}]]>
              </value>
            </param>
          </params>
          <reporter-output>
          </reporter-output>
        </test-method> <!-- submitOrder -->
        <test-method is-config="true" signature="closeDriver()[pri:0, instance:IrfanChoudhury.tests.PlcaeOrderTest@6a370f4]" started-at="2024-08-11T22:01:19 IST" name="closeDriver" finished-at="2024-08-11T22:01:21 IST" duration-ms="1978" status="PASS">
          <reporter-output>
          </reporter-output>
        </test-method> <!-- closeDriver -->
        <test-method is-config="true" signature="launchApplication()[pri:0, instance:IrfanChoudhury.tests.PlcaeOrderTest@6a370f4]" started-at="2024-08-11T22:01:21 IST" name="launchApplication" finished-at="2024-08-11T22:01:26 IST" duration-ms="4314" status="PASS">
          <reporter-output>
          </reporter-output>
        </test-method> <!-- launchApplication -->
        <test-method signature="submitOrder(java.util.HashMap)[pri:0, instance:IrfanChoudhury.tests.PlcaeOrderTest@6a370f4]" started-at="2024-08-11T22:01:26 IST" name="submitOrder" data-provider="getData" finished-at="2024-08-11T22:01:30 IST" duration-ms="4342" status="PASS">
          <params>
            <param index="0">
              <value>
                <![CDATA[{password=Irfan@321, product=IPHONE 13 PRO, email=irfan99@email.com}]]>
              </value>
            </param>
          </params>
          <reporter-output>
          </reporter-output>
        </test-method> <!-- submitOrder -->
        <test-method is-config="true" signature="closeDriver()[pri:0, instance:IrfanChoudhury.tests.PlcaeOrderTest@6a370f4]" started-at="2024-08-11T22:01:30 IST" name="closeDriver" finished-at="2024-08-11T22:01:32 IST" duration-ms="2248" status="PASS">
          <reporter-output>
          </reporter-output>
        </test-method> <!-- closeDriver -->
        <test-method is-config="true" signature="launchApplication()[pri:0, instance:IrfanChoudhury.tests.PlcaeOrderTest@6a370f4]" started-at="2024-08-11T22:01:32 IST" name="launchApplication" finished-at="2024-08-11T22:01:36 IST" duration-ms="3653" status="PASS">
          <reporter-output>
          </reporter-output>
        </test-method> <!-- launchApplication -->
        <test-method signature="orderHistoryTest()[pri:0, instance:IrfanChoudhury.tests.PlcaeOrderTest@6a370f4]" started-at="2024-08-11T22:01:36 IST" name="orderHistoryTest" finished-at="2024-08-11T22:01:37 IST" depends-on-methods="IrfanChoudhury.tests.PlcaeOrderTest.submitOrder" duration-ms="1488" status="PASS">
          <reporter-output>
          </reporter-output>
        </test-method> <!-- orderHistoryTest -->
        <test-method is-config="true" signature="closeDriver()[pri:0, instance:IrfanChoudhury.tests.PlcaeOrderTest@6a370f4]" started-at="2024-08-11T22:01:37 IST" name="closeDriver" finished-at="2024-08-11T22:01:39 IST" duration-ms="2060" status="PASS">
          <reporter-output>
          </reporter-output>
        </test-method> <!-- closeDriver -->
      </class> <!-- IrfanChoudhury.tests.PlcaeOrderTest -->
    </test> <!-- Surefire test -->
  </suite> <!-- Surefire suite -->
</testng-results>
